<?xml version="1.0" encoding="UTF-8"?>
<testsuite xmlns:xsi="http://www.w3.org/2001/XMLSchema-instance" xsi:noNamespaceSchemaLocation="https://maven.apache.org/surefire/maven-surefire-plugin/xsd/surefire-test-report-3.0.xsd" version="3.0" name="basic.K8sBasicApplicationTests" time="1.878" tests="1" errors="0" skipped="0" failures="0">
  <properties>
[...]
</properties>
  <testcase name="contextLoads" classname="basic.K8sBasicApplicationTests" time="0.471">
    <system-out><![CDATA[10:18:53.331 [main] INFO org.springframework.test.context.support.AnnotationConfigContextLoaderUtils -- Could not detect default configuration classes for test class [basic.K8sBasicApplicationTests]: K8sBasicApplicationTests does not declare any static, non-private, non-final, nested classes annotated with @Configuration.
10:18:53.410 [main] INFO org.springframework.boot.test.context.SpringBootTestContextBootstrapper -- Found @SpringBootConfiguration basic.K8sBasicApplication for test class basic.K8sBasicApplicationTests
10:18:53.562 [main] INFO org.springframework.boot.devtools.restart.RestartApplicationListener -- Restart disabled due to context in which it is running

  .   ____          _            __ _ _
 /\\ / ___'_ __ _ _(_)_ __  __ _ \ \ \ \
( ( )\___ | '_ | '_| | '_ \/ _` | \ \ \ \
 \\/  ___)| |_)| | | | | || (_| |  ) ) ) )
  '  |____| .__|_| |_|_| |_\__, | / / / /
 =========|_|==============|___/=/_/_/_/

 :: Spring Boot ::                (v3.3.7)

2025-01-10T10:18:53.714+09:00  INFO 21340 --- [k8s_basic] [           main] basic.K8sBasicApplicationTests           : Starting K8sBasicApplicationTests using Java 17.0.12 with PID 21340 (started by linkpond in C:\CE\99.Practice\app_STS4\app-k8s-basic)
2025-01-10T10:18:53.715+09:00  INFO 21340 --- [k8s_basic] [           main] basic.K8sBasicApplicationTests           : No active profile set, falling back to 1 default profile: "default"
2025-01-10T10:18:54.610+09:00  INFO 21340 --- [k8s_basic] [           main] basic.K8sBasicApplicationTests           : Started K8sBasicApplicationTests in 1.055 seconds (process running for 1.732)
]]></system-out>
  </testcase>
</testsuite>